<?xml version="1.0" encoding="UTF-8"?>
<!-- Generated by org.testng.reporters.JUnitXMLReporter -->
<testsuite hostname="jia-pc" name="test" tests="1" failures="1" timestamp="2 Nov 2017 13:08:13 GMT" time="72.065" errors="0">
  <testcase name="@AfterTest afterTest" time="0.0" classname="com.web.testcase.ItemManageTest">
    <failure type="java.lang.NullPointerException">
      <![CDATA[java.lang.NullPointerException
	at com.web.testcase.PropertyPayManageTest.afterTest(PropertyPayManageTest.java:59)
... Removed 22 stack frames]]>
    </failure>
  </testcase> <!-- @AfterTest afterTest -->
  <testcase name="login" time="41.222" classname="com.web.testcase.LoginTest">
    <failure type="java.lang.NullPointerException">
      <![CDATA[java.lang.NullPointerException
	at com.etyero.utils.UIExecutorImpl.click(UIExecutorImpl.java:54)
	at com.etyero.object.BasePage.click(BasePage.java:38)
	at com.web.webaction.Login.login(Login.java:23)
	at com.web.testcase.LoginTest.login(LoginTest.java:63)
... Removed 24 stack frames]]>
    </failure>
  </testcase> <!-- login -->
</testsuite> <!-- test -->
