<?xml version="1.0" encoding="UTF-8"?>
<!-- Generated by org.testng.reporters.JUnitXMLReporter -->
<testsuite hostname="jia-PC" name="test01" tests="7" failures="0" timestamp="22 Jun 2017 10:31:06 GMT" time="0.031" errors="0">
  <testcase name="f01" time="0.015" classname="com.etyero.testcase.NewTest01"/>
  <testcase name="f02" time="0.0" classname="com.etyero.testcase.NewTest01"/>
  <testcase name="f02" time="0.0" classname="com.etyero.testcase.NewTest02"/>
  <testcase name="f04" time="0.0" classname="com.etyero.testcase.NewTest02"/>
  <testcase name="f05" time="0.0" classname="com.etyero.testcase.NewTest02"/>
  <testcase name="f06" time="0.016" classname="com.etyero.testcase.NewTest02"/>
  <testcase name="f03" time="0.0" classname="com.etyero.testcase.NewTest02"/>
</testsuite> <!-- test01 -->
