<?xml version="1.0" encoding="UTF-8"?>
<!-- Generated by org.testng.reporters.JUnitXMLReporter -->
<testsuite hostname="jia-PC" name="test03" tests="4" failures="1" timestamp="21 Jun 2017 06:16:25 GMT" time="0.031" errors="0">
  <testcase name="f02" time="0.0" classname="com.etyero.testcase.NewTest02">
    <failure type="java.lang.AssertionError" message="expected [true] but found [false]">
      <![CDATA[java.lang.AssertionError: expected [true] but found [false]
	at com.etyero.testcase.NewTest02.f02(NewTest02.java:25)
... Removed 30 stack frames]]>
    </failure>
  </testcase> <!-- f02 -->
  <testcase name="f03" time="0.0" classname="com.etyero.testcase.NewTest02">
    <skipped/>
  </testcase> <!-- f03 -->
  <testcase name="f01" time="0.0" classname="com.etyero.testcase.NewTest03"/>
  <testcase name="f02" time="0.0" classname="com.etyero.testcase.NewTest03"/>
</testsuite> <!-- test03 -->
