<?xml version="1.0" encoding="UTF-8"?>
<testng-results skipped="0" failed="0" total="6" passed="6">
  <reporter-output>
  </reporter-output>
  <suite name="Suite1" duration-ms="128349" started-at="2017-09-28T10:20:12Z" finished-at="2017-09-28T10:22:21Z">
    <groups>
    </groups>
    <test name="test" duration-ms="128349" started-at="2017-09-28T10:20:12Z" finished-at="2017-09-28T10:22:21Z">
      <class name="com.web.testcase.LoginTest">
        <test-method status="PASS" signature="beforeClass(java.lang.String, java.lang.String, long, java.lang.String)[pri:0, instance:com.web.testcase.LoginTest@28d25987]" name="beforeClass" is-config="true" duration-ms="8330" started-at="2017-09-28T18:20:13Z" finished-at="2017-09-28T18:20:21Z">
          <params>
            <param index="0">
              <value>
                <![CDATA[chrome]]>
              </value>
            </param>
            <param index="1">
              <value>
                <![CDATA[D:\work\workplace\webUITestPro\browserDriver\chromedriver.exe]]>
              </value>
            </param>
            <param index="2">
              <value>
                <![CDATA[20]]>
              </value>
            </param>
            <param index="3">
              <value>
                <![CDATA[http://58.42.231.231:59193/zmkmglYl/index.jsp]]>
              </value>
            </param>
          </params>
          <reporter-output>
          </reporter-output>
        </test-method> <!-- beforeClass -->
        <test-method status="PASS" signature="BeforeMethod()[pri:0, instance:com.web.testcase.LoginTest@28d25987]" name="BeforeMethod" is-config="true" duration-ms="4" started-at="2017-09-28T18:20:21Z" finished-at="2017-09-28T18:20:21Z">
          <reporter-output>
          </reporter-output>
        </test-method> <!-- BeforeMethod -->
        <test-method status="PASS" signature="login(java.lang.String, java.lang.String, java.lang.String)[pri:0, instance:com.web.testcase.LoginTest@28d25987]" name="login" duration-ms="38743" started-at="2017-09-28T18:20:21Z" description="正确的用户信息登录" data-provider="true_loginParams" finished-at="2017-09-28T18:21:00Z">
          <params>
            <param index="0">
              <value>
                <![CDATA[88888888888]]>
              </value>
            </param>
            <param index="1">
              <value>
                <![CDATA[123456]]>
              </value>
            </param>
            <param index="2">
              <value>
                <![CDATA[当前社区：贵阳·宏立城·花果园]]>
              </value>
            </param>
          </params>
          <reporter-output>
          </reporter-output>
        </test-method> <!-- login -->
        <test-method status="PASS" signature="afterClass()[pri:0, instance:com.web.testcase.LoginTest@28d25987]" name="afterClass" is-config="true" duration-ms="1" started-at="2017-09-28T18:21:00Z" finished-at="2017-09-28T18:21:00Z">
          <reporter-output>
          </reporter-output>
        </test-method> <!-- afterClass -->
      </class> <!-- com.web.testcase.LoginTest -->
      <class name="com.web.testcase.ItemManageTest">
        <test-method status="PASS" signature="beforeClass(java.lang.String, java.lang.String, long, java.lang.String)[pri:0, instance:com.web.testcase.ItemManageTest@47c62251]" name="beforeClass" is-config="true" duration-ms="314" started-at="2017-09-28T18:21:00Z" finished-at="2017-09-28T18:21:00Z">
          <params>
            <param index="0">
              <value>
                <![CDATA[chrome]]>
              </value>
            </param>
            <param index="1">
              <value>
                <![CDATA[D:\work\workplace\webUITestPro\browserDriver\chromedriver.exe]]>
              </value>
            </param>
            <param index="2">
              <value>
                <![CDATA[20]]>
              </value>
            </param>
            <param index="3">
              <value>
                <![CDATA[http://58.42.231.231:59193/zmkmglYl/index.jsp]]>
              </value>
            </param>
          </params>
          <reporter-output>
          </reporter-output>
        </test-method> <!-- beforeClass -->
        <test-method status="PASS" signature="BeforeMethod()[pri:0, instance:com.web.testcase.ItemManageTest@47c62251]" name="BeforeMethod" is-config="true" duration-ms="2" started-at="2017-09-28T18:21:00Z" finished-at="2017-09-28T18:21:00Z">
          <reporter-output>
          </reporter-output>
        </test-method> <!-- BeforeMethod -->
        <test-method status="PASS" signature="addComunity(java.lang.String, java.lang.String, [[I, int, java.lang.String)[pri:0, instance:com.web.testcase.ItemManageTest@47c62251]" name="addComunity" duration-ms="41791" started-at="2017-09-28T18:21:00Z" description="添加分区测试" data-provider="addComunity" finished-at="2017-09-28T18:21:42Z">
          <params>
            <param index="0">
              <value>
                <![CDATA[分区测试]]>
              </value>
            </param>
            <param index="1">
              <value>
                <![CDATA[分区测试别名]]>
              </value>
            </param>
            <param index="2">
              <value>
                <![CDATA[[[I@27e32fe4]]>
              </value>
            </param>
            <param index="3">
              <value>
                <![CDATA[0]]>
              </value>
            </param>
            <param index="4">
              <value>
                <![CDATA[分区添加成功]]>
              </value>
            </param>
          </params>
          <reporter-output>
          </reporter-output>
        </test-method> <!-- addComunity -->
        <test-method status="PASS" signature="addBuilding(java.lang.String, java.lang.String, [[I, int, java.lang.String)[pri:0, instance:com.web.testcase.ItemManageTest@47c62251]" name="addBuilding" duration-ms="5910" started-at="2017-09-28T18:21:42Z" description="分区添加楼栋测试" data-provider="addBuilding" finished-at="2017-09-28T18:21:48Z">
          <params>
            <param index="0">
              <value>
                <![CDATA[分区测试-楼栋]]>
              </value>
            </param>
            <param index="1">
              <value>
                <![CDATA[分区测试-楼栋别名]]>
              </value>
            </param>
            <param index="2">
              <value>
                <![CDATA[[[I@72ab05ed]]>
              </value>
            </param>
            <param index="3">
              <value>
                <![CDATA[0]]>
              </value>
            </param>
            <param index="4">
              <value>
                <![CDATA[楼栋添加成功]]>
              </value>
            </param>
          </params>
          <reporter-output>
          </reporter-output>
        </test-method> <!-- addBuilding -->
        <test-method status="PASS" signature="BeforeMethod()[pri:0, instance:com.web.testcase.ItemManageTest@47c62251]" name="BeforeMethod" is-config="true" duration-ms="0" started-at="2017-09-28T18:21:42Z" finished-at="2017-09-28T18:21:42Z">
          <reporter-output>
          </reporter-output>
        </test-method> <!-- BeforeMethod -->
        <test-method status="PASS" signature="BeforeMethod()[pri:0, instance:com.web.testcase.ItemManageTest@47c62251]" name="BeforeMethod" is-config="true" duration-ms="0" started-at="2017-09-28T18:21:48Z" finished-at="2017-09-28T18:21:48Z">
          <reporter-output>
          </reporter-output>
        </test-method> <!-- BeforeMethod -->
        <test-method status="PASS" signature="addUnit(java.lang.String, java.lang.String, [[I, int, java.lang.String)[pri:0, instance:com.web.testcase.ItemManageTest@47c62251]" name="addUnit" duration-ms="6362" started-at="2017-09-28T18:21:48Z" description="分区-楼栋添加单元测试" data-provider="addUnit" finished-at="2017-09-28T18:21:54Z">
          <params>
            <param index="0">
              <value>
                <![CDATA[分区测试-楼栋-单元]]>
              </value>
            </param>
            <param index="1">
              <value>
                <![CDATA[分区测试-楼栋别名-单元别名]]>
              </value>
            </param>
            <param index="2">
              <value>
                <![CDATA[[[I@c3c4c1c]]>
              </value>
            </param>
            <param index="3">
              <value>
                <![CDATA[0]]>
              </value>
            </param>
            <param index="4">
              <value>
                <![CDATA[单元添加成功]]>
              </value>
            </param>
          </params>
          <reporter-output>
          </reporter-output>
        </test-method> <!-- addUnit -->
        <test-method status="PASS" signature="addDoor(java.lang.String, java.lang.String, int, java.lang.String)[pri:0, instance:com.web.testcase.ItemManageTest@47c62251]" name="addDoor" duration-ms="5728" started-at="2017-09-28T18:21:54Z" description="分区-楼栋-单元添加门牌测试" data-provider="addDoor" finished-at="2017-09-28T18:22:00Z">
          <params>
            <param index="0">
              <value>
                <![CDATA[分区测试-楼栋-单元-门牌号]]>
              </value>
            </param>
            <param index="1">
              <value>
                <![CDATA[分区测试-楼栋别名-单元别名-门牌号别名]]>
              </value>
            </param>
            <param index="2">
              <value>
                <![CDATA[0]]>
              </value>
            </param>
            <param index="3">
              <value>
                <![CDATA[门牌添加成功]]>
              </value>
            </param>
          </params>
          <reporter-output>
          </reporter-output>
        </test-method> <!-- addDoor -->
        <test-method status="PASS" signature="BeforeMethod()[pri:0, instance:com.web.testcase.ItemManageTest@47c62251]" name="BeforeMethod" is-config="true" duration-ms="0" started-at="2017-09-28T18:21:54Z" finished-at="2017-09-28T18:21:54Z">
          <reporter-output>
          </reporter-output>
        </test-method> <!-- BeforeMethod -->
        <test-method status="PASS" signature="afterClass()[pri:0, instance:com.web.testcase.ItemManageTest@47c62251]" name="afterClass" is-config="true" duration-ms="6765" started-at="2017-09-28T18:22:00Z" finished-at="2017-09-28T18:22:07Z">
          <reporter-output>
          </reporter-output>
        </test-method> <!-- afterClass -->
        <test-method status="PASS" signature="afterTest()[pri:0, instance:com.web.testcase.ItemManageTest@47c62251]" name="afterTest" is-config="true" duration-ms="1" started-at="2017-09-28T18:22:19Z" finished-at="2017-09-28T18:22:19Z">
          <reporter-output>
          </reporter-output>
        </test-method> <!-- afterTest -->
        <test-method status="PASS" signature="afterTest()[pri:0, instance:com.web.testcase.LoginTest@28d25987]" name="afterTest" is-config="true" duration-ms="2035" started-at="2017-09-28T18:22:19Z" finished-at="2017-09-28T18:22:21Z">
          <reporter-output>
          </reporter-output>
        </test-method> <!-- afterTest -->
        <test-method status="PASS" signature="afterTest()[pri:0, instance:com.web.testcase.PropertyPayManageTest@3e6fa38a]" name="afterTest" is-config="true" duration-ms="1" started-at="2017-09-28T18:22:21Z" finished-at="2017-09-28T18:22:21Z">
          <reporter-output>
          </reporter-output>
        </test-method> <!-- afterTest -->
      </class> <!-- com.web.testcase.ItemManageTest -->
      <class name="com.web.testcase.PropertyPayManageTest">
        <test-method status="PASS" signature="beforeClass(java.lang.String, java.lang.String, long, java.lang.String)[pri:0, instance:com.web.testcase.PropertyPayManageTest@3e6fa38a]" name="beforeClass" is-config="true" duration-ms="302" started-at="2017-09-28T18:22:07Z" finished-at="2017-09-28T18:22:07Z">
          <params>
            <param index="0">
              <value>
                <![CDATA[chrome]]>
              </value>
            </param>
            <param index="1">
              <value>
                <![CDATA[D:\work\workplace\webUITestPro\browserDriver\chromedriver.exe]]>
              </value>
            </param>
            <param index="2">
              <value>
                <![CDATA[20]]>
              </value>
            </param>
            <param index="3">
              <value>
                <![CDATA[http://58.42.231.231:59193/zmkmglYl/index.jsp]]>
              </value>
            </param>
          </params>
          <reporter-output>
          </reporter-output>
        </test-method> <!-- beforeClass -->
        <test-method status="PASS" signature="BeforeMethod()[pri:0, instance:com.web.testcase.PropertyPayManageTest@3e6fa38a]" name="BeforeMethod" is-config="true" duration-ms="9" started-at="2017-09-28T18:22:07Z" finished-at="2017-09-28T18:22:07Z">
          <reporter-output>
          </reporter-output>
        </test-method> <!-- BeforeMethod -->
        <test-method status="PASS" signature="searchPayMent(java.lang.String, java.lang.String, java.lang.String, java.lang.String, java.lang.String, java.lang.String, java.lang.String)[pri:0, instance:com.web.testcase.PropertyPayManageTest@3e6fa38a]" name="searchPayMent" duration-ms="11968" started-at="2017-09-28T18:22:07Z" description="查找缴费记录" data-provider="params" finished-at="2017-09-28T18:22:19Z">
          <params>
            <param index="0">
              <value>
                <![CDATA[2017-07-25]]>
              </value>
            </param>
            <param index="1">
              <value>
                <![CDATA[2017-07-26]]>
              </value>
            </param>
            <param index="2">
              <value>
                <![CDATA[U区]]>
              </value>
            </param>
            <param index="3">
              <value>
                <![CDATA[9栋]]>
              </value>
            </param>
            <param index="4">
              <value>
                <![CDATA[1单元3205]]>
              </value>
            </param>
            <param index="5">
              <value>
                <![CDATA[]]>
              </value>
            </param>
            <param index="6">
              <value>
                <![CDATA[18813866764]]>
              </value>
            </param>
          </params>
          <reporter-output>
          </reporter-output>
        </test-method> <!-- searchPayMent -->
        <test-method status="PASS" signature="afterClass()[pri:0, instance:com.web.testcase.PropertyPayManageTest@3e6fa38a]" name="afterClass" is-config="true" duration-ms="0" started-at="2017-09-28T18:22:19Z" finished-at="2017-09-28T18:22:19Z">
          <reporter-output>
          </reporter-output>
        </test-method> <!-- afterClass -->
      </class> <!-- com.web.testcase.PropertyPayManageTest -->
    </test> <!-- test -->
  </suite> <!-- Suite1 -->
</testng-results>
